<?xml version="1.0" encoding="UTF-8"?>
<!-- Generated by org.testng.reporters.JUnitReportReporter -->
<testsuite skipped="0" hostname="HelenaLenovo" name="tests.GoogleSearchTests" tests="3" failures="0" timestamp="2022-04-30T17:24:42 EAT" time="275.402" errors="0">
  <testcase name="googleSearchTest" time="28.336" classname="tests.GoogleSearchTests"/>
  <system-out/>
  <testcase name="blingSearchTest" time="54.080" classname="tests.GoogleSearchTests"/>
  <system-out/>
  <testcase name="listPopularSites" time="192.986" classname="tests.GoogleSearchTests"/>
  <system-out/>
</testsuite> <!-- tests.GoogleSearchTests -->
