<?xml version="1.0" encoding="UTF-8"?>
<!-- Generated by org.testng.reporters.JUnitReportReporter -->
<testsuite skipped="0" hostname="HelenaLenovo" name="tests.SearchEnginesTests" tests="3" failures="0" timestamp="2022-05-02T12:48:11 EAT" time="96.176" errors="0">
  <testcase name="googleSearchTest" time="66.851" classname="tests.SearchEnginesTests"/>
  <system-out/>
  <testcase name="blingSearchTest" time="29.324" classname="tests.SearchEnginesTests"/>
  <system-out/>
  <testcase name="listPopularSites" time="0.001" classname="tests.SearchEnginesTests"/>
  <system-out/>
</testsuite> <!-- tests.SearchEnginesTests -->
